0 info it worked if it ends with ok
1 verbose cli [ '/usr/bin/node', '/usr/bin/npm', 'install', '-g', 'git-it' ]
2 info using npm@1.4.28
3 info using node@v0.10.33
4 verbose node symlink /usr/bin/node
5 verbose cache add [ 'git-it', null ]
6 verbose cache add name=undefined spec="git-it" args=["git-it",null]
7 verbose parsed url { protocol: null,
7 verbose parsed url   slashes: null,
7 verbose parsed url   auth: null,
7 verbose parsed url   host: null,
7 verbose parsed url   port: null,
7 verbose parsed url   hostname: null,
7 verbose parsed url   hash: null,
7 verbose parsed url   search: null,
7 verbose parsed url   query: null,
7 verbose parsed url   pathname: 'git-it',
7 verbose parsed url   path: 'git-it',
7 verbose parsed url   href: 'git-it' }
8 silly lockFile d6dba06f-git-it git-it
9 verbose lock git-it /home/zeroual/.npm/d6dba06f-git-it.lock
10 silly lockFile d6dba06f-git-it git-it
11 silly lockFile d6dba06f-git-it git-it
12 verbose addNamed [ 'git-it', '' ]
13 verbose addNamed [ null, '*' ]
14 silly lockFile 941e117c-git-it git-it@
15 verbose lock git-it@ /home/zeroual/.npm/941e117c-git-it.lock
16 silly addNameRange { name: 'git-it', range: '*', hasData: false }
17 verbose request where is /git-it
18 verbose request registry https://registry.npmjs.org/
19 verbose request id 79515e7efb1f3de1
20 verbose url raw /git-it
21 verbose url resolving [ 'https://registry.npmjs.org/', './git-it' ]
22 verbose url resolved https://registry.npmjs.org/git-it
23 verbose request where is https://registry.npmjs.org/git-it
24 info trying registry request attempt 1 at 00:26:56
25 http GET https://registry.npmjs.org/git-it
26 http 200 https://registry.npmjs.org/git-it
27 silly registry.get cb [ 200,
27 silly registry.get   { date: 'Sun, 12 Apr 2015 22:26:56 GMT',
27 silly registry.get     server: 'CouchDB/1.5.0 (Erlang OTP/R16B03)',
27 silly registry.get     etag: '"AC8PRKKE3DVEVH4QU8CSS46KZ"',
27 silly registry.get     'content-type': 'application/json',
27 silly registry.get     'cache-control': 'max-age=60',
27 silly registry.get     'content-length': '32047',
27 silly registry.get     'accept-ranges': 'bytes',
27 silly registry.get     via: '1.1 varnish',
27 silly registry.get     age: '0',
27 silly registry.get     'x-served-by': 'cache-fra1239-FRA',
27 silly registry.get     'x-cache': 'MISS',
27 silly registry.get     'x-cache-hits': '0',
27 silly registry.get     'x-timer': 'S1428877616.387072,VS0,VE493',
27 silly registry.get     vary: 'Accept',
27 silly registry.get     'keep-alive': 'timeout=10, max=50',
27 silly registry.get     connection: 'Keep-Alive' } ]
28 silly addNameRange number 2 { name: 'git-it', range: '*', hasData: true }
29 silly addNameRange versions [ 'git-it',
29 silly addNameRange   [ '0.0.0',
29 silly addNameRange     '1.0.1',
29 silly addNameRange     '1.0.2',
29 silly addNameRange     '1.0.4',
29 silly addNameRange     '1.0.5',
29 silly addNameRange     '1.0.6',
29 silly addNameRange     '1.1.7',
29 silly addNameRange     '1.1.8',
29 silly addNameRange     '1.1.9',
29 silly addNameRange     '1.2.0',
29 silly addNameRange     '1.2.1',
29 silly addNameRange     '1.2.2',
29 silly addNameRange     '1.2.3',
29 silly addNameRange     '1.2.4',
29 silly addNameRange     '1.3.4',
29 silly addNameRange     '1.3.5',
29 silly addNameRange     '1.3.6',
29 silly addNameRange     '1.3.7',
29 silly addNameRange     '1.3.8',
29 silly addNameRange     '1.3.9',
29 silly addNameRange     '1.4.0',
29 silly addNameRange     '1.5.0',
29 silly addNameRange     '1.6.0',
29 silly addNameRange     '1.6.2',
29 silly addNameRange     '1.6.3',
29 silly addNameRange     '1.6.4' ] ]
30 verbose addNamed [ 'git-it', '1.6.4' ]
31 verbose addNamed [ '1.6.4', '1.6.4' ]
32 silly lockFile 6ff40d3f-git-it-1-6-4 git-it@1.6.4
33 verbose lock git-it@1.6.4 /home/zeroual/.npm/6ff40d3f-git-it-1-6-4.lock
34 silly lockFile c92014d5-pmjs-org-git-it-git-it-1-6-4-tgz https://registry.npmjs.org/git-it/-/git-it-1.6.4.tgz
35 verbose lock https://registry.npmjs.org/git-it/-/git-it-1.6.4.tgz /home/zeroual/.npm/c92014d5-pmjs-org-git-it-git-it-1-6-4-tgz.lock
36 verbose addRemoteTarball [ 'https://registry.npmjs.org/git-it/-/git-it-1.6.4.tgz',
36 verbose addRemoteTarball   'ae5385cb79eb50a92c2fcb31a862ec966f7ad7d4' ]
37 info retry fetch attempt 1 at 00:26:57
38 verbose fetch to= /tmp/npm-10449-QCE_KlD6/registry.npmjs.org/git-it/-/git-it-1.6.4.tgz
39 http GET https://registry.npmjs.org/git-it/-/git-it-1.6.4.tgz
40 http 200 https://registry.npmjs.org/git-it/-/git-it-1.6.4.tgz
41 silly lockFile c92014d5-pmjs-org-git-it-git-it-1-6-4-tgz https://registry.npmjs.org/git-it/-/git-it-1.6.4.tgz
42 silly lockFile c92014d5-pmjs-org-git-it-git-it-1-6-4-tgz https://registry.npmjs.org/git-it/-/git-it-1.6.4.tgz
43 silly lockFile 6ff40d3f-git-it-1-6-4 git-it@1.6.4
44 silly lockFile 6ff40d3f-git-it-1-6-4 git-it@1.6.4
45 silly lockFile 941e117c-git-it git-it@
46 silly lockFile 941e117c-git-it git-it@
47 silly resolved [ { name: 'git-it',
47 silly resolved     version: '1.6.4',
47 silly resolved     description: 'Terminal app for learning Git and GitHub',
47 silly resolved     main: 'index.js',
47 silly resolved     bin: { 'git-it': './git-it.js' },
47 silly resolved     scripts:
47 silly resolved      { build: 'node guide/buildpages.js && node guide/buildpages.js zhtw',
47 silly resolved        'build-english': 'node guide/buildpages.js',
47 silly resolved        'build-zhtw': 'node guide/buildpages.js zhtw',
47 silly resolved        'copy-guide': 'cp -r ./guide ./.guide',
47 silly resolved        'git-co': 'git checkout gh-pages && git reset --hard origin/gh-pages',
47 silly resolved        'paste-guide': 'cp -r ./.guide/* .. && rm -rf ./.guide',
47 silly resolved        'git-stage': 'npm run copy-guide && npm run git-co && npm run paste-guide',
47 silly resolved        'git-commit': 'git add -A . && git commit -a -m \'gh-pages update\'',
47 silly resolved        'git-push': 'git push origin gh-pages --force && git checkout master',
47 silly resolved        deploy: 'npm run git-stage && npm run git-commit && npm run git-push' },
47 silly resolved     repository: { type: 'git', url: 'https://github.com/jlord/git-it.git' },
47 silly resolved     author: { name: 'Jessica Lord' },
47 silly resolved     license: 'BSD-2-Clause',
47 silly resolved     bugs: { url: 'https://github.com/jlord/git-it/issues' },
47 silly resolved     dependencies:
47 silly resolved      { 'concat-stream': '~1.2.1',
47 silly resolved        ecstatic: '^0.5.4',
47 silly resolved        'github-oauth': '0.0.4',
47 silly resolved        glob: '^3.2.11',
47 silly resolved        handlebars: '^2.0.0-alpha.4',
47 silly resolved        marked: '^0.3.2',
47 silly resolved        request: '~2.30.0',
47 silly resolved        'workshopper-jlord': '^0.0.6',
47 silly resolved        cheerio: '~0.17.0' },
47 silly resolved     gitHead: 'f04a936b0a309945544e2968325dee05ca8066b3',
47 silly resolved     homepage: 'https://github.com/jlord/git-it',
47 silly resolved     _id: 'git-it@1.6.4',
47 silly resolved     _shasum: 'ae5385cb79eb50a92c2fcb31a862ec966f7ad7d4',
47 silly resolved     _from: 'git-it@',
47 silly resolved     _npmVersion: '2.7.0',
47 silly resolved     _nodeVersion: '0.10.21',
47 silly resolved     _npmUser: { name: 'jlord', email: 'to.jlord@gmail.com' },
47 silly resolved     maintainers: [ [Object] ],
47 silly resolved     dist:
47 silly resolved      { shasum: 'ae5385cb79eb50a92c2fcb31a862ec966f7ad7d4',
47 silly resolved        tarball: 'http://registry.npmjs.org/git-it/-/git-it-1.6.4.tgz' },
47 silly resolved     directories: {},
47 silly resolved     _resolved: 'https://registry.npmjs.org/git-it/-/git-it-1.6.4.tgz' } ]
48 info install git-it@1.6.4 into /usr/lib
49 info installOne git-it@1.6.4
50 verbose lib/node_modules/git-it unbuild
51 verbose tar unpack /home/zeroual/.npm/git-it/1.6.4/package.tgz
52 silly lockFile 9298ac17-tar-usr-lib-node-modules-git-it tar:///usr/lib/node_modules/git-it
53 verbose lock tar:///usr/lib/node_modules/git-it /home/zeroual/.npm/9298ac17-tar-usr-lib-node-modules-git-it.lock
54 silly lockFile d77b0463-ual-npm-git-it-1-6-4-package-tgz tar:///home/zeroual/.npm/git-it/1.6.4/package.tgz
55 verbose lock tar:///home/zeroual/.npm/git-it/1.6.4/package.tgz /home/zeroual/.npm/d77b0463-ual-npm-git-it-1-6-4-package-tgz.lock
56 silly gunzTarPerm modes [ '775', '664' ]
57 error Error: EACCES, mkdir '/usr/lib/node_modules/git-it'
57 error  { [Error: EACCES, mkdir '/usr/lib/node_modules/git-it']
57 error   errno: 3,
57 error   code: 'EACCES',
57 error   path: '/usr/lib/node_modules/git-it',
57 error   fstream_type: 'Directory',
57 error   fstream_path: '/usr/lib/node_modules/git-it',
57 error   fstream_class: 'DirWriter',
57 error   fstream_stack:
57 error    [ '/usr/lib/node_modules/npm/node_modules/fstream/lib/dir-writer.js:36:23',
57 error      '/usr/lib/node_modules/npm/node_modules/mkdirp/index.js:46:53',
57 error      'Object.oncomplete (fs.js:107:15)' ] }
58 error Please try running this command again as root/Administrator.
59 error System Linux 3.16.0-30-generic
60 error command "/usr/bin/node" "/usr/bin/npm" "install" "-g" "git-it"
61 error cwd /home/zeroual/IdeaProjects/nodeschool/javascripting
62 error node -v v0.10.33
63 error npm -v 1.4.28
64 error path /usr/lib/node_modules/git-it
65 error fstream_path /usr/lib/node_modules/git-it
66 error fstream_type Directory
67 error fstream_class DirWriter
68 error code EACCES
69 error errno 3
70 error stack Error: EACCES, mkdir '/usr/lib/node_modules/git-it'
71 error fstream_stack /usr/lib/node_modules/npm/node_modules/fstream/lib/dir-writer.js:36:23
71 error fstream_stack /usr/lib/node_modules/npm/node_modules/mkdirp/index.js:46:53
71 error fstream_stack Object.oncomplete (fs.js:107:15)
72 verbose exit [ 3, true ]
